<?xml version="1.0" encoding="UTF-8"?>
<testng-results skipped="0" failed="0" ignored="0" total="1" passed="1">
  <reporter-output>
  </reporter-output>
  <suite name="Suite" duration-ms="122" started-at="2022-12-23T20:45:13 IST" finished-at="2022-12-23T20:45:13 IST">
    <groups>
    </groups>
    <test name="Test" duration-ms="122" started-at="2022-12-23T20:45:13 IST" finished-at="2022-12-23T20:45:13 IST">
      <class name="testcases.TestCase1">
        <test-method status="PASS" signature="setUp()[pri:0, instance:testcases.TestCase1@a74868d]" name="setUp" is-config="true" duration-ms="10507" started-at="2022-12-23T20:45:02 IST" finished-at="2022-12-23T20:45:13 IST">
          <reporter-output>
          </reporter-output>
        </test-method> <!-- setUp -->
        <test-method status="PASS" signature="browserTest()[pri:0, instance:testcases.TestCase1@a74868d]" name="browserTest" duration-ms="23" started-at="2022-12-23T20:45:13 IST" finished-at="2022-12-23T20:45:13 IST">
          <reporter-output>
          </reporter-output>
        </test-method> <!-- browserTest -->
        <test-method status="PASS" signature="tearDown()[pri:0, instance:testcases.TestCase1@a74868d]" name="tearDown" is-config="true" duration-ms="760" started-at="2022-12-23T20:45:13 IST" finished-at="2022-12-23T20:45:14 IST">
          <reporter-output>
          </reporter-output>
        </test-method> <!-- tearDown -->
      </class> <!-- testcases.TestCase1 -->
    </test> <!-- Test -->
  </suite> <!-- Suite -->
</testng-results>
